<?xml version="1.0" encoding="UTF-8"?>
<testsuite name="com.example.HelloWorldTest" tests="1" skipped="0" failures="0" errors="0" timestamp="2025-04-26T06:55:31" hostname="LAPTOP-0C9F906S" time="0.011">
  <properties/>
  <testcase name="testGetGreeting" classname="com.example.HelloWorldTest" time="0.011"/>
  <system-out><![CDATA[]]></system-out>
  <system-err><![CDATA[]]></system-err>
</testsuite>
